Using pre-set license
Built from '2021.1/release' branch; Version is '2021.1.1f1 (6fdc41dfa55a) revision 7330881'; Using compiler version '192528614'; Build Type 'Release'
OS: 'Windows 10 Home; OS build 19043.1348; Version 2009; 64bit' Language: 'en' Physical Memory: 32727 MB
BatchMode: 1, IsHumanControllingUs: 0, StartBugReporterOnCrash: 0, Is64bit: 1, IsPro: 0

 COMMAND LINE ARGUMENTS:
D:\Program Files\Unity\Hub\Editor\2021.1.1f1\Editor\Unity.exe
-adb2
-batchMode
-noUpm
-name
AssetImportWorker0
-projectPath
D:/Github/IdTechDemo
-logFile
Logs/AssetImportWorker0.log
-srvPort
64395
Successfully changed project path to: D:/Github/IdTechDemo
D:/Github/IdTechDemo
Using Asset Import Pipeline V2.
Refreshing native plugins compatible for Editor in 81.65 ms, found 2 plugins.
Preloading 0 native plugins for Editor in 0.00 ms.
Initialize engine version: 2021.1.1f1 (6fdc41dfa55a)
[Subsystems] Discovering subsystems at path D:/Program Files/Unity/Hub/Editor/2021.1.1f1/Editor/Data/Resources/UnitySubsystems
[Subsystems] Discovering subsystems at path D:/Github/IdTechDemo/Assets
GfxDevice: creating device client; threaded=0; jobified=0
Direct3D:
    Version:  Direct3D 11.0 [level 11.1]
    Renderer: NVIDIA GeForce GTX 1080 (ID=0x1b80)
    Vendor:   NVIDIA
    VRAM:     8079 MB
    Driver:   27.21.14.6589
Initialize mono
Mono path[0] = 'D:/Program Files/Unity/Hub/Editor/2021.1.1f1/Editor/Data/Managed'
Mono path[1] = 'D:/Program Files/Unity/Hub/Editor/2021.1.1f1/Editor/Data/MonoBleedingEdge/lib/mono/unityjit'
Mono config path = 'D:/Program Files/Unity/Hub/Editor/2021.1.1f1/Editor/Data/MonoBleedingEdge/etc'
Using monoOptions --debugger-agent=transport=dt_socket,embedding=1,server=y,suspend=n,address=127.0.0.1:56192
Begin MonoManager ReloadAssembly
Registering precompiled unity dll's ...
Register platform support module: D:/Program Files/Unity/Hub/Editor/2021.1.1f1/Editor/Data/PlaybackEngines/WebGLSupport/UnityEditor.WebGL.Extensions.dll
Register platform support module: D:/Program Files/Unity/Hub/Editor/2021.1.1f1/Editor/Data/PlaybackEngines/WindowsStandaloneSupport/UnityEditor.WindowsStandalone.Extensions.dll
Registered in 0.001994 seconds.
Native extension for WindowsStandalone target not found
Native extension for WebGL target not found
Refreshing native plugins compatible for Editor in 77.39 ms, found 2 plugins.
Preloading 0 native plugins for Editor in 0.00 ms.
Mono: successfully reloaded assembly
- Completed reload, in  1.494 seconds
Platform modules already initialized, skipping
Registering precompiled user dll's ...
Registered in 0.005435 seconds.
Begin MonoManager ReloadAssembly
Native extension for WindowsStandalone target not found
Native extension for WebGL target not found
Refreshing native plugins compatible for Editor in 78.99 ms, found 2 plugins.
Preloading 0 native plugins for Editor in 0.00 ms.
Mono: successfully reloaded assembly
- Completed reload, in  1.000 seconds
Platform modules already initialized, skipping
========================================================================
Worker process is ready to serve import requests
Launched and connected shader compiler UnityShaderCompiler.exe after 0.06 seconds
Refreshing native plugins compatible for Editor in 0.60 ms, found 2 plugins.
Preloading 0 native plugins for Editor in 0.00 ms.
Unloading 3366 Unused Serialized files (Serialized files now loaded: 0)
System memory in use before: 127.6 MB.
System memory in use after: 127.7 MB.

Unloading 29 unused Assets to reduce memory usage. Loaded Objects now: 3818.
Total: 2.608200 ms (FindLiveObjects: 0.262200 ms CreateObjectMapping: 0.188300 ms MarkObjects: 2.047700 ms  DeleteObjects: 0.108600 ms)

========================================================================
Received Import Request.
  path: Assets/Scenes
  artifactKey: Guid(a7ea355d0f503db42b8f74a14d51d649) Importer(815301076,1909f56bfc062723c751e8b465ee728b)
Start importing Assets/Scenes using Guid(a7ea355d0f503db42b8f74a14d51d649) Importer(815301076,1909f56bfc062723c751e8b465ee728b)  -> (artifact id: '4c492e053ea8619f59b5c04c65416e27') in 0.010860 seconds 
========================================================================
Received Import Request.
  Time since last request: 0.676004 seconds.
  path: Assets/Scenes/SampleScene.unity
  artifactKey: Guid(2cda990e2423bbf4892e6590ba056729) Importer(815301076,1909f56bfc062723c751e8b465ee728b)
Start importing Assets/Scenes/SampleScene.unity using Guid(2cda990e2423bbf4892e6590ba056729) Importer(815301076,1909f56bfc062723c751e8b465ee728b)  -> (artifact id: '31cf40639611a8b7fb23135a0f20ae66') in 0.011191 seconds 
========================================================================
Received Import Request.
  Time since last request: 235.702391 seconds.
  path: Assets
  artifactKey: Guid(00000000000000001000000000000000) Importer(815301076,1909f56bfc062723c751e8b465ee728b)
Start importing Assets using Guid(00000000000000001000000000000000) Importer(815301076,1909f56bfc062723c751e8b465ee728b)  -> (artifact id: '98ffa0a5e8f73f3457f64fc720c11ab1') in 0.005150 seconds 
========================================================================
Received Import Request.
  Time since last request: 9.575851 seconds.
  path: Assets/Animations
  artifactKey: Guid(20edbdfb21b191645bc97ee8233ef868) Importer(815301076,1909f56bfc062723c751e8b465ee728b)
Start importing Assets/Animations using Guid(20edbdfb21b191645bc97ee8233ef868) Importer(815301076,1909f56bfc062723c751e8b465ee728b)  -> (artifact id: '4151fa1be9c74965e7cd3178b0f7f452') in 0.006274 seconds 
========================================================================
Received Import Request.
  Time since last request: 9.751773 seconds.
  path: Assets/Prefabs
  artifactKey: Guid(6d4668784f5fff849a33d959d06449e9) Importer(815301076,1909f56bfc062723c751e8b465ee728b)
Start importing Assets/Prefabs using Guid(6d4668784f5fff849a33d959d06449e9) Importer(815301076,1909f56bfc062723c751e8b465ee728b)  -> (artifact id: '19dd3a27980f734a484875d81395fedc') in 0.005161 seconds 
========================================================================
Received Import Request.
  Time since last request: 31.703095 seconds.
  path: Assets/Scripts
  artifactKey: Guid(a5b0e7c669134bc4eaa2566541d198d5) Importer(815301076,1909f56bfc062723c751e8b465ee728b)
Start importing Assets/Scripts using Guid(a5b0e7c669134bc4eaa2566541d198d5) Importer(815301076,1909f56bfc062723c751e8b465ee728b)  -> (artifact id: '124dfc6a86c0614f7259dfbcc1a192ae') in 0.005511 seconds 
========================================================================
Received Import Request.
  Time since last request: 7.534958 seconds.
  path: Assets/Sprites
  artifactKey: Guid(23220cbebebc1db469b6bf5da4e96a53) Importer(815301076,1909f56bfc062723c751e8b465ee728b)
Start importing Assets/Sprites using Guid(23220cbebebc1db469b6bf5da4e96a53) Importer(815301076,1909f56bfc062723c751e8b465ee728b)  -> (artifact id: '72f7803fc4cc8991e891989d152cc4b2') in 0.005482 seconds 
========================================================================
Received Import Request.
  Time since last request: 2495.154304 seconds.
  path: Assets/Animations/dino-run-left.anim
  artifactKey: Guid(a4921915cb49ee344aef4b25f37bd380) Importer(815301076,1909f56bfc062723c751e8b465ee728b)
Start importing Assets/Animations/dino-run-left.anim using Guid(a4921915cb49ee344aef4b25f37bd380) Importer(815301076,1909f56bfc062723c751e8b465ee728b)  -> (artifact id: '85f40f86eb2b17a0ae2a24a3b6bc17f0') in 0.040180 seconds 
========================================================================
Received Import Request.
  Time since last request: 0.595048 seconds.
  path: Assets/Animations/dino-run-right.anim
  artifactKey: Guid(7321488f9bc2ca94c9e06f2b16f4f97e) Importer(815301076,1909f56bfc062723c751e8b465ee728b)
Start importing Assets/Animations/dino-run-right.anim using Guid(7321488f9bc2ca94c9e06f2b16f4f97e) Importer(815301076,1909f56bfc062723c751e8b465ee728b)  -> (artifact id: '0680f41169908692d49a4e0dec325824') in 0.006714 seconds 
========================================================================
Received Import Request.
  Time since last request: 0.738392 seconds.
  path: Assets/Animations/dino-stand-left.anim
  artifactKey: Guid(4ddcfcc339acd3b4d935b306314851d8) Importer(815301076,1909f56bfc062723c751e8b465ee728b)
Start importing Assets/Animations/dino-stand-left.anim using Guid(4ddcfcc339acd3b4d935b306314851d8) Importer(815301076,1909f56bfc062723c751e8b465ee728b)  -> (artifact id: 'fb552c5b13a48e4c5ef201d670f93396') in 0.006008 seconds 
========================================================================
Received Import Request.
  Time since last request: 0.773205 seconds.
  path: Assets/Animations/dino-stand-right.anim
  artifactKey: Guid(c3d3bef983779df4488829cde3a5d8f6) Importer(815301076,1909f56bfc062723c751e8b465ee728b)
Start importing Assets/Animations/dino-stand-right.anim using Guid(c3d3bef983779df4488829cde3a5d8f6) Importer(815301076,1909f56bfc062723c751e8b465ee728b)  -> (artifact id: 'be6743b37e52409146c8acb0437634ed') in 0.006002 seconds 
========================================================================
Received Import Request.
  Time since last request: 1.269639 seconds.
  path: Assets/Animations/Player Animation Controller.controller
  artifactKey: Guid(9619843e58112f743951dcaac49dd39c) Importer(815301076,1909f56bfc062723c751e8b465ee728b)
Start importing Assets/Animations/Player Animation Controller.controller using Guid(9619843e58112f743951dcaac49dd39c) Importer(815301076,1909f56bfc062723c751e8b465ee728b)  -> (artifact id: '850b8f113a69fe050493238986520f97') in 0.009605 seconds 
========================================================================
Received Prepare
Registering precompiled user dll's ...
Registered in 0.004596 seconds.
Begin MonoManager ReloadAssembly
Native extension for WindowsStandalone target not found
Native extension for WebGL target not found
Refreshing native plugins compatible for Editor in 0.96 ms, found 2 plugins.
Preloading 0 native plugins for Editor in 0.00 ms.
Mono: successfully reloaded assembly
- Completed reload, in  0.929 seconds
Platform modules already initialized, skipping
Refreshing native plugins compatible for Editor in 1.10 ms, found 2 plugins.
Preloading 0 native plugins for Editor in 0.00 ms.
Unloading 3363 Unused Serialized files (Serialized files now loaded: 0)
System memory in use before: 127.7 MB.
System memory in use after: 127.8 MB.

Unloading 17 unused Assets to reduce memory usage. Loaded Objects now: 3824.
Total: 2.424100 ms (FindLiveObjects: 0.259600 ms CreateObjectMapping: 0.155800 ms MarkObjects: 1.913700 ms  DeleteObjects: 0.093800 ms)

========================================================================
Received Import Request.
  Time since last request: 145.162930 seconds.
  path: Assets/Sprites/dino-run-left.png
  artifactKey: Guid(c732d79c809b67547a8f6e9465e1d772) Importer(815301076,1909f56bfc062723c751e8b465ee728b)
Start importing Assets/Sprites/dino-run-left.png using Guid(c732d79c809b67547a8f6e9465e1d772) Importer(815301076,1909f56bfc062723c751e8b465ee728b)  -> (artifact id: 'd3ce45792ddbb433b6e4a1ccc496b37e') in 0.134501 seconds 
========================================================================
Received Import Request.
  Time since last request: 0.000235 seconds.
  path: Assets/Sprites/dino-run-right.png
  artifactKey: Guid(3e71241a802534343b7db3c46e90958c) Importer(815301076,1909f56bfc062723c751e8b465ee728b)
Start importing Assets/Sprites/dino-run-right.png using Guid(3e71241a802534343b7db3c46e90958c) Importer(815301076,1909f56bfc062723c751e8b465ee728b)  -> (artifact id: 'c9e814d657d04388ceaacf8d13f7b8b7') in 0.020894 seconds 
========================================================================
Received Import Request.
  Time since last request: 340.972940 seconds.
  path: Assets/Scripts/PlayerCameraMovement.cs
  artifactKey: Guid(8bbebb63b59bb1f449ddb005de943c29) Importer(815301076,1909f56bfc062723c751e8b465ee728b)
Start importing Assets/Scripts/PlayerCameraMovement.cs using Guid(8bbebb63b59bb1f449ddb005de943c29) Importer(815301076,1909f56bfc062723c751e8b465ee728b)  -> (artifact id: 'f922ee297709be854f82c6bf2f5d216f') in 0.009702 seconds 
========================================================================
Received Import Request.
  Time since last request: 9.218709 seconds.
  path: Assets/Scripts/PlayerMovement.cs
  artifactKey: Guid(8bbebb63b59bb1f449ddb005de943c29) Importer(815301076,1909f56bfc062723c751e8b465ee728b)
Start importing Assets/Scripts/PlayerMovement.cs using Guid(8bbebb63b59bb1f449ddb005de943c29) Importer(815301076,1909f56bfc062723c751e8b465ee728b)  -> (artifact id: 'ace94b3f99a97a2121517d9fa8872922') in 0.004959 seconds 
========================================================================
Received Import Request.
  Time since last request: 1.295959 seconds.
  path: Assets/Scripts/PlayerSttMach.cs
  artifactKey: Guid(a4e975657c0249b4d8e495dc061e65b3) Importer(815301076,1909f56bfc062723c751e8b465ee728b)
Start importing Assets/Scripts/PlayerSttMach.cs using Guid(a4e975657c0249b4d8e495dc061e65b3) Importer(815301076,1909f56bfc062723c751e8b465ee728b)  -> (artifact id: '5b5da41e9f0b53bcadf66b3ea4e69ca8') in 0.007575 seconds 
========================================================================
Received Prepare
Registering precompiled user dll's ...
Registered in 0.004456 seconds.
Begin MonoManager ReloadAssembly
Native extension for WindowsStandalone target not found
Native extension for WebGL target not found
Refreshing native plugins compatible for Editor in 0.62 ms, found 2 plugins.
Preloading 0 native plugins for Editor in 0.00 ms.
Mono: successfully reloaded assembly
- Completed reload, in  0.962 seconds
Platform modules already initialized, skipping
Refreshing native plugins compatible for Editor in 0.76 ms, found 2 plugins.
Preloading 0 native plugins for Editor in 0.00 ms.
Unloading 3365 Unused Serialized files (Serialized files now loaded: 0)
System memory in use before: 132.5 MB.
System memory in use after: 132.6 MB.

Unloading 17 unused Assets to reduce memory usage. Loaded Objects now: 3865.
Total: 2.980000 ms (FindLiveObjects: 0.495400 ms CreateObjectMapping: 0.414600 ms MarkObjects: 1.966500 ms  DeleteObjects: 0.102100 ms)

========================================================================
Received Prepare
Registering precompiled user dll's ...
Registered in 0.004808 seconds.
Begin MonoManager ReloadAssembly
Native extension for WindowsStandalone target not found
Native extension for WebGL target not found
Refreshing native plugins compatible for Editor in 0.60 ms, found 2 plugins.
Preloading 0 native plugins for Editor in 0.00 ms.
Mono: successfully reloaded assembly
- Completed reload, in  0.935 seconds
Platform modules already initialized, skipping
Refreshing native plugins compatible for Editor in 0.85 ms, found 2 plugins.
Preloading 0 native plugins for Editor in 0.00 ms.
Unloading 3363 Unused Serialized files (Serialized files now loaded: 0)
System memory in use before: 132.4 MB.
System memory in use after: 132.5 MB.

Unloading 17 unused Assets to reduce memory usage. Loaded Objects now: 3869.
Total: 2.771300 ms (FindLiveObjects: 0.308800 ms CreateObjectMapping: 0.202000 ms MarkObjects: 2.163300 ms  DeleteObjects: 0.096300 ms)

========================================================================
Received Import Request.
  Time since last request: 84.371583 seconds.
  path: Assets/Scripts/PlayerMovement.cs
  artifactKey: Guid(8bbebb63b59bb1f449ddb005de943c29) Importer(815301076,1909f56bfc062723c751e8b465ee728b)
Start importing Assets/Scripts/PlayerMovement.cs using Guid(8bbebb63b59bb1f449ddb005de943c29) Importer(815301076,1909f56bfc062723c751e8b465ee728b)  -> (artifact id: '77398152ca967a78145c354432d8e0e8') in 0.008037 seconds 
========================================================================
Received Prepare
Registering precompiled user dll's ...
Registered in 0.004436 seconds.
Begin MonoManager ReloadAssembly
Native extension for WindowsStandalone target not found
Native extension for WebGL target not found
Refreshing native plugins compatible for Editor in 0.57 ms, found 2 plugins.
Preloading 0 native plugins for Editor in 0.00 ms.
Mono: successfully reloaded assembly
- Completed reload, in  0.944 seconds
Platform modules already initialized, skipping
Refreshing native plugins compatible for Editor in 0.78 ms, found 2 plugins.
Preloading 0 native plugins for Editor in 0.00 ms.
Unloading 3363 Unused Serialized files (Serialized files now loaded: 0)
System memory in use before: 132.5 MB.
System memory in use after: 132.6 MB.

Unloading 17 unused Assets to reduce memory usage. Loaded Objects now: 3873.
Total: 2.615900 ms (FindLiveObjects: 0.386100 ms CreateObjectMapping: 0.187900 ms MarkObjects: 1.945400 ms  DeleteObjects: 0.095300 ms)

========================================================================
Received Prepare
Registering precompiled user dll's ...
Registered in 0.004366 seconds.
Begin MonoManager ReloadAssembly
Native extension for WindowsStandalone target not found
Native extension for WebGL target not found
Refreshing native plugins compatible for Editor in 0.98 ms, found 2 plugins.
Preloading 0 native plugins for Editor in 0.00 ms.
Mono: successfully reloaded assembly
- Completed reload, in  0.903 seconds
Platform modules already initialized, skipping
Refreshing native plugins compatible for Editor in 0.57 ms, found 2 plugins.
Preloading 0 native plugins for Editor in 0.00 ms.
Unloading 3363 Unused Serialized files (Serialized files now loaded: 0)
System memory in use before: 132.5 MB.
System memory in use after: 132.6 MB.

Unloading 17 unused Assets to reduce memory usage. Loaded Objects now: 3877.
Total: 2.714500 ms (FindLiveObjects: 0.407100 ms CreateObjectMapping: 0.215300 ms MarkObjects: 1.963100 ms  DeleteObjects: 0.127600 ms)

========================================================================
Received Prepare
Registering precompiled user dll's ...
Registered in 0.004868 seconds.
Begin MonoManager ReloadAssembly
Native extension for WindowsStandalone target not found
Native extension for WebGL target not found
Refreshing native plugins compatible for Editor in 0.58 ms, found 2 plugins.
Preloading 0 native plugins for Editor in 0.00 ms.
Mono: successfully reloaded assembly
- Completed reload, in  0.974 seconds
Platform modules already initialized, skipping
Refreshing native plugins compatible for Editor in 0.60 ms, found 2 plugins.
Preloading 0 native plugins for Editor in 0.00 ms.
Unloading 3363 Unused Serialized files (Serialized files now loaded: 0)
System memory in use before: 132.6 MB.
System memory in use after: 132.7 MB.

Unloading 17 unused Assets to reduce memory usage. Loaded Objects now: 3881.
Total: 2.493400 ms (FindLiveObjects: 0.304600 ms CreateObjectMapping: 0.191400 ms MarkObjects: 1.898400 ms  DeleteObjects: 0.097700 ms)

========================================================================
Received Prepare
Registering precompiled user dll's ...
Registered in 0.005164 seconds.
Begin MonoManager ReloadAssembly
Native extension for WindowsStandalone target not found
Native extension for WebGL target not found
Refreshing native plugins compatible for Editor in 1.03 ms, found 2 plugins.
Preloading 0 native plugins for Editor in 0.00 ms.
Mono: successfully reloaded assembly
- Completed reload, in  1.014 seconds
Platform modules already initialized, skipping
Refreshing native plugins compatible for Editor in 0.98 ms, found 2 plugins.
Preloading 0 native plugins for Editor in 0.00 ms.
Unloading 3363 Unused Serialized files (Serialized files now loaded: 0)
System memory in use before: 132.6 MB.
System memory in use after: 132.7 MB.

Unloading 17 unused Assets to reduce memory usage. Loaded Objects now: 3885.
Total: 2.596200 ms (FindLiveObjects: 0.316600 ms CreateObjectMapping: 0.168600 ms MarkObjects: 2.016200 ms  DeleteObjects: 0.092900 ms)

========================================================================
Received Prepare
Registering precompiled user dll's ...
Registered in 0.004494 seconds.
Begin MonoManager ReloadAssembly
Native extension for WindowsStandalone target not found
Native extension for WebGL target not found
Refreshing native plugins compatible for Editor in 0.64 ms, found 2 plugins.
Preloading 0 native plugins for Editor in 0.00 ms.
Mono: successfully reloaded assembly
- Completed reload, in  0.893 seconds
Platform modules already initialized, skipping
Refreshing native plugins compatible for Editor in 0.95 ms, found 2 plugins.
Preloading 0 native plugins for Editor in 0.00 ms.
Unloading 3363 Unused Serialized files (Serialized files now loaded: 0)
System memory in use before: 132.6 MB.
System memory in use after: 132.7 MB.

Unloading 17 unused Assets to reduce memory usage. Loaded Objects now: 3889.
Total: 2.491200 ms (FindLiveObjects: 0.337900 ms CreateObjectMapping: 0.203100 ms MarkObjects: 1.852700 ms  DeleteObjects: 0.095800 ms)

========================================================================
Received Prepare
Registering precompiled user dll's ...
Registered in 0.004357 seconds.
Begin MonoManager ReloadAssembly
Native extension for WindowsStandalone target not found
Native extension for WebGL target not found
Refreshing native plugins compatible for Editor in 0.64 ms, found 2 plugins.
Preloading 0 native plugins for Editor in 0.00 ms.
Mono: successfully reloaded assembly
- Completed reload, in  0.879 seconds
Platform modules already initialized, skipping
Refreshing native plugins compatible for Editor in 0.67 ms, found 2 plugins.
Preloading 0 native plugins for Editor in 0.00 ms.
Unloading 3363 Unused Serialized files (Serialized files now loaded: 0)
System memory in use before: 132.6 MB.
System memory in use after: 132.7 MB.

Unloading 17 unused Assets to reduce memory usage. Loaded Objects now: 3893.
Total: 2.831400 ms (FindLiveObjects: 0.289500 ms CreateObjectMapping: 0.195000 ms MarkObjects: 2.249000 ms  DeleteObjects: 0.096600 ms)

========================================================================
Received Prepare
Registering precompiled user dll's ...
Registered in 0.004337 seconds.
Begin MonoManager ReloadAssembly
Native extension for WindowsStandalone target not found
Native extension for WebGL target not found
Refreshing native plugins compatible for Editor in 0.59 ms, found 2 plugins.
Preloading 0 native plugins for Editor in 0.00 ms.
Mono: successfully reloaded assembly
- Completed reload, in  0.924 seconds
Platform modules already initialized, skipping
Refreshing native plugins compatible for Editor in 0.59 ms, found 2 plugins.
Preloading 0 native plugins for Editor in 0.00 ms.
Unloading 3363 Unused Serialized files (Serialized files now loaded: 0)
System memory in use before: 132.6 MB.
System memory in use after: 132.7 MB.

Unloading 17 unused Assets to reduce memory usage. Loaded Objects now: 3897.
Total: 2.536600 ms (FindLiveObjects: 0.310800 ms CreateObjectMapping: 0.148400 ms MarkObjects: 1.978500 ms  DeleteObjects: 0.098100 ms)

========================================================================
Received Import Request.
  Time since last request: 530.720540 seconds.
  path: Assets/Scripts/PlayerMovement.cs
  artifactKey: Guid(8bbebb63b59bb1f449ddb005de943c29) Importer(815301076,1909f56bfc062723c751e8b465ee728b)
Start importing Assets/Scripts/PlayerMovement.cs using Guid(8bbebb63b59bb1f449ddb005de943c29) Importer(815301076,1909f56bfc062723c751e8b465ee728b)  -> (artifact id: 'a11931169fa7ea543852743d9b77998d') in 0.007261 seconds 
========================================================================
Received Prepare
Registering precompiled user dll's ...
Registered in 0.004503 seconds.
Begin MonoManager ReloadAssembly
Native extension for WindowsStandalone target not found
Native extension for WebGL target not found
Refreshing native plugins compatible for Editor in 0.59 ms, found 2 plugins.
Preloading 0 native plugins for Editor in 0.00 ms.
Mono: successfully reloaded assembly
- Completed reload, in  0.890 seconds
Platform modules already initialized, skipping
Refreshing native plugins compatible for Editor in 0.64 ms, found 2 plugins.
Preloading 0 native plugins for Editor in 0.00 ms.
Unloading 3363 Unused Serialized files (Serialized files now loaded: 0)
System memory in use before: 132.6 MB.
System memory in use after: 132.7 MB.

Unloading 17 unused Assets to reduce memory usage. Loaded Objects now: 3901.
Total: 5.190800 ms (FindLiveObjects: 0.402900 ms CreateObjectMapping: 0.839900 ms MarkObjects: 3.837700 ms  DeleteObjects: 0.108900 ms)

========================================================================
Received Prepare
Registering precompiled user dll's ...
Registered in 0.005452 seconds.
Begin MonoManager ReloadAssembly
Native extension for WindowsStandalone target not found
Native extension for WebGL target not found
Refreshing native plugins compatible for Editor in 0.68 ms, found 2 plugins.
Preloading 0 native plugins for Editor in 0.00 ms.
Mono: successfully reloaded assembly
- Completed reload, in  0.865 seconds
Platform modules already initialized, skipping
Refreshing native plugins compatible for Editor in 0.61 ms, found 2 plugins.
Preloading 0 native plugins for Editor in 0.00 ms.
Unloading 3363 Unused Serialized files (Serialized files now loaded: 0)
System memory in use before: 132.6 MB.
System memory in use after: 132.7 MB.

Unloading 17 unused Assets to reduce memory usage. Loaded Objects now: 3905.
Total: 2.585000 ms (FindLiveObjects: 0.265200 ms CreateObjectMapping: 0.166800 ms MarkObjects: 2.057700 ms  DeleteObjects: 0.093900 ms)

========================================================================
Received Import Request.
  Time since last request: 40.634793 seconds.
  path: Assets/Prefabs/Player.prefab
  artifactKey: Guid(80b8e33d9d426d949904293f06e261df) Importer(815301076,1909f56bfc062723c751e8b465ee728b)
Start importing Assets/Prefabs/Player.prefab using Guid(80b8e33d9d426d949904293f06e261df) Importer(815301076,1909f56bfc062723c751e8b465ee728b)  -> (artifact id: 'f90eee63eb1c6607ce42a2b5fb971f39') in 0.058953 seconds 
========================================================================
Received Prepare
Registering precompiled user dll's ...
Registered in 0.004556 seconds.
Begin MonoManager ReloadAssembly
Native extension for WindowsStandalone target not found
Native extension for WebGL target not found
Refreshing native plugins compatible for Editor in 0.58 ms, found 2 plugins.
Preloading 0 native plugins for Editor in 0.00 ms.
Mono: successfully reloaded assembly
- Completed reload, in  0.935 seconds
Platform modules already initialized, skipping
Refreshing native plugins compatible for Editor in 0.98 ms, found 2 plugins.
Preloading 0 native plugins for Editor in 0.00 ms.
Unloading 3363 Unused Serialized files (Serialized files now loaded: 0)
System memory in use before: 132.7 MB.
System memory in use after: 132.8 MB.

Unloading 17 unused Assets to reduce memory usage. Loaded Objects now: 3914.
Total: 2.795700 ms (FindLiveObjects: 0.299100 ms CreateObjectMapping: 0.183800 ms MarkObjects: 2.212800 ms  DeleteObjects: 0.098800 ms)

========================================================================
Received Prepare
Registering precompiled user dll's ...
Registered in 0.005835 seconds.
Begin MonoManager ReloadAssembly
Native extension for WindowsStandalone target not found
Native extension for WebGL target not found
Refreshing native plugins compatible for Editor in 0.65 ms, found 2 plugins.
Preloading 0 native plugins for Editor in 0.00 ms.
Mono: successfully reloaded assembly
- Completed reload, in  0.872 seconds
Platform modules already initialized, skipping
Refreshing native plugins compatible for Editor in 0.56 ms, found 2 plugins.
Preloading 0 native plugins for Editor in 0.00 ms.
Unloading 3363 Unused Serialized files (Serialized files now loaded: 0)
System memory in use before: 132.7 MB.
System memory in use after: 132.8 MB.

Unloading 17 unused Assets to reduce memory usage. Loaded Objects now: 3918.
Total: 2.470600 ms (FindLiveObjects: 0.268100 ms CreateObjectMapping: 0.161600 ms MarkObjects: 1.945700 ms  DeleteObjects: 0.094300 ms)

========================================================================
Received Prepare
Registering precompiled user dll's ...
Registered in 0.006584 seconds.
Begin MonoManager ReloadAssembly
Native extension for WindowsStandalone target not found
Native extension for WebGL target not found
Refreshing native plugins compatible for Editor in 0.69 ms, found 2 plugins.
Preloading 0 native plugins for Editor in 0.00 ms.
Mono: successfully reloaded assembly
- Completed reload, in  0.994 seconds
Platform modules already initialized, skipping
Refreshing native plugins compatible for Editor in 0.58 ms, found 2 plugins.
Preloading 0 native plugins for Editor in 0.00 ms.
Unloading 3363 Unused Serialized files (Serialized files now loaded: 0)
System memory in use before: 132.7 MB.
System memory in use after: 132.8 MB.

Unloading 17 unused Assets to reduce memory usage. Loaded Objects now: 3922.
Total: 2.479300 ms (FindLiveObjects: 0.276100 ms CreateObjectMapping: 0.180700 ms MarkObjects: 1.927000 ms  DeleteObjects: 0.094200 ms)

========================================================================
Received Prepare
Registering precompiled user dll's ...
Registered in 0.004476 seconds.
Begin MonoManager ReloadAssembly
Native extension for WindowsStandalone target not found
Native extension for WebGL target not found
Refreshing native plugins compatible for Editor in 1.01 ms, found 2 plugins.
Preloading 0 native plugins for Editor in 0.00 ms.
Mono: successfully reloaded assembly
- Completed reload, in  1.028 seconds
Platform modules already initialized, skipping
Refreshing native plugins compatible for Editor in 0.61 ms, found 2 plugins.
Preloading 0 native plugins for Editor in 0.00 ms.
Unloading 3363 Unused Serialized files (Serialized files now loaded: 0)
System memory in use before: 132.7 MB.
System memory in use after: 132.8 MB.

Unloading 17 unused Assets to reduce memory usage. Loaded Objects now: 3926.
Total: 4.209700 ms (FindLiveObjects: 0.617800 ms CreateObjectMapping: 0.554500 ms MarkObjects: 2.925300 ms  DeleteObjects: 0.110400 ms)

========================================================================
Received Prepare
Registering precompiled user dll's ...
Registered in 0.005534 seconds.
Begin MonoManager ReloadAssembly
Native extension for WindowsStandalone target not found
Native extension for WebGL target not found
Refreshing native plugins compatible for Editor in 0.57 ms, found 2 plugins.
Preloading 0 native plugins for Editor in 0.00 ms.
Mono: successfully reloaded assembly
- Completed reload, in  0.884 seconds
Platform modules already initialized, skipping
Refreshing native plugins compatible for Editor in 0.61 ms, found 2 plugins.
Preloading 0 native plugins for Editor in 0.00 ms.
Unloading 3363 Unused Serialized files (Serialized files now loaded: 0)
System memory in use before: 132.7 MB.
System memory in use after: 132.8 MB.

Unloading 17 unused Assets to reduce memory usage. Loaded Objects now: 3930.
Total: 2.622000 ms (FindLiveObjects: 0.414800 ms CreateObjectMapping: 0.217600 ms MarkObjects: 1.893700 ms  DeleteObjects: 0.095000 ms)

========================================================================
Received Prepare
Registering precompiled user dll's ...
Registered in 0.004369 seconds.
Begin MonoManager ReloadAssembly
Native extension for WindowsStandalone target not found
Native extension for WebGL target not found
Refreshing native plugins compatible for Editor in 0.59 ms, found 2 plugins.
Preloading 0 native plugins for Editor in 0.00 ms.
Mono: successfully reloaded assembly
- Completed reload, in  0.813 seconds
Platform modules already initialized, skipping
Refreshing native plugins compatible for Editor in 0.70 ms, found 2 plugins.
Preloading 0 native plugins for Editor in 0.00 ms.
Unloading 3363 Unused Serialized files (Serialized files now loaded: 0)
System memory in use before: 132.7 MB.
System memory in use after: 132.8 MB.

Unloading 17 unused Assets to reduce memory usage. Loaded Objects now: 3934.
Total: 2.497400 ms (FindLiveObjects: 0.289000 ms CreateObjectMapping: 0.197800 ms MarkObjects: 1.914500 ms  DeleteObjects: 0.095100 ms)

========================================================================
Received Prepare
Registering precompiled user dll's ...
Registered in 0.004666 seconds.
Begin MonoManager ReloadAssembly
Native extension for WindowsStandalone target not found
Native extension for WebGL target not found
Refreshing native plugins compatible for Editor in 0.58 ms, found 2 plugins.
Preloading 0 native plugins for Editor in 0.00 ms.
Mono: successfully reloaded assembly
- Completed reload, in  0.882 seconds
Platform modules already initialized, skipping
Refreshing native plugins compatible for Editor in 0.60 ms, found 2 plugins.
Preloading 0 native plugins for Editor in 0.00 ms.
Unloading 3363 Unused Serialized files (Serialized files now loaded: 0)
System memory in use before: 132.7 MB.
System memory in use after: 132.8 MB.

Unloading 17 unused Assets to reduce memory usage. Loaded Objects now: 3938.
Total: 2.943400 ms (FindLiveObjects: 0.403600 ms CreateObjectMapping: 0.367100 ms MarkObjects: 2.075500 ms  DeleteObjects: 0.096300 ms)

========================================================================
Received Prepare
Registering precompiled user dll's ...
Registered in 0.006659 seconds.
Begin MonoManager ReloadAssembly
Native extension for WindowsStandalone target not found
Native extension for WebGL target not found
Refreshing native plugins compatible for Editor in 0.59 ms, found 2 plugins.
Preloading 0 native plugins for Editor in 0.00 ms.
Mono: successfully reloaded assembly
- Completed reload, in  0.886 seconds
Platform modules already initialized, skipping
Script error: OnCollisionEnter2D
This message parameter has to be of type: Collision2D
The message will be ignored.

Refreshing native plugins compatible for Editor in 0.57 ms, found 2 plugins.
Preloading 0 native plugins for Editor in 0.00 ms.
Unloading 3363 Unused Serialized files (Serialized files now loaded: 0)
System memory in use before: 132.9 MB.
System memory in use after: 133.0 MB.

Unloading 17 unused Assets to reduce memory usage. Loaded Objects now: 3942.
Total: 2.422800 ms (FindLiveObjects: 0.268200 ms CreateObjectMapping: 0.175000 ms MarkObjects: 1.887100 ms  DeleteObjects: 0.091700 ms)

========================================================================
Received Prepare
Registering precompiled user dll's ...
Registered in 0.004536 seconds.
Begin MonoManager ReloadAssembly
Native extension for WindowsStandalone target not found
Native extension for WebGL target not found
Refreshing native plugins compatible for Editor in 0.59 ms, found 2 plugins.
Preloading 0 native plugins for Editor in 0.00 ms.
Mono: successfully reloaded assembly
- Completed reload, in  0.899 seconds
Platform modules already initialized, skipping
Refreshing native plugins compatible for Editor in 0.58 ms, found 2 plugins.
Preloading 0 native plugins for Editor in 0.00 ms.
Unloading 3363 Unused Serialized files (Serialized files now loaded: 0)
System memory in use before: 132.8 MB.
System memory in use after: 132.9 MB.

Unloading 17 unused Assets to reduce memory usage. Loaded Objects now: 3946.
Total: 2.599300 ms (FindLiveObjects: 0.290700 ms CreateObjectMapping: 0.221100 ms MarkObjects: 1.998000 ms  DeleteObjects: 0.088700 ms)

========================================================================
Received Prepare
Registering precompiled user dll's ...
Registered in 0.004443 seconds.
Begin MonoManager ReloadAssembly
Native extension for WindowsStandalone target not found
Native extension for WebGL target not found
Refreshing native plugins compatible for Editor in 0.59 ms, found 2 plugins.
Preloading 0 native plugins for Editor in 0.00 ms.
Mono: successfully reloaded assembly
- Completed reload, in  0.873 seconds
Platform modules already initialized, skipping
Refreshing native plugins compatible for Editor in 0.57 ms, found 2 plugins.
Preloading 0 native plugins for Editor in 0.00 ms.
Unloading 3363 Unused Serialized files (Serialized files now loaded: 0)
System memory in use before: 132.8 MB.
System memory in use after: 132.9 MB.

Unloading 17 unused Assets to reduce memory usage. Loaded Objects now: 3950.
Total: 2.681100 ms (FindLiveObjects: 0.276600 ms CreateObjectMapping: 0.175500 ms MarkObjects: 2.139500 ms  DeleteObjects: 0.088600 ms)

========================================================================
Received Prepare
Registering precompiled user dll's ...
Registered in 0.004355 seconds.
Begin MonoManager ReloadAssembly
Native extension for WindowsStandalone target not found
Native extension for WebGL target not found
Refreshing native plugins compatible for Editor in 0.60 ms, found 2 plugins.
Preloading 0 native plugins for Editor in 0.00 ms.
Mono: successfully reloaded assembly
- Completed reload, in  0.926 seconds
Platform modules already initialized, skipping
Refreshing native plugins compatible for Editor in 0.59 ms, found 2 plugins.
Preloading 0 native plugins for Editor in 0.00 ms.
Unloading 3363 Unused Serialized files (Serialized files now loaded: 0)
System memory in use before: 132.8 MB.
System memory in use after: 132.9 MB.

Unloading 17 unused Assets to reduce memory usage. Loaded Objects now: 3954.
Total: 2.726900 ms (FindLiveObjects: 0.282400 ms CreateObjectMapping: 0.181200 ms MarkObjects: 2.167800 ms  DeleteObjects: 0.094500 ms)

========================================================================
Received Prepare
Registering precompiled user dll's ...
Registered in 0.004485 seconds.
Begin MonoManager ReloadAssembly
Native extension for WindowsStandalone target not found
Native extension for WebGL target not found
Refreshing native plugins compatible for Editor in 0.68 ms, found 2 plugins.
Preloading 0 native plugins for Editor in 0.00 ms.
Mono: successfully reloaded assembly
- Completed reload, in  0.847 seconds
Platform modules already initialized, skipping
Refreshing native plugins compatible for Editor in 0.56 ms, found 2 plugins.
Preloading 0 native plugins for Editor in 0.00 ms.
Unloading 3363 Unused Serialized files (Serialized files now loaded: 0)
System memory in use before: 132.8 MB.
System memory in use after: 132.9 MB.

Unloading 17 unused Assets to reduce memory usage. Loaded Objects now: 3958.
Total: 4.507800 ms (FindLiveObjects: 0.507200 ms CreateObjectMapping: 0.284400 ms MarkObjects: 3.613700 ms  DeleteObjects: 0.100400 ms)

========================================================================
Received Prepare
Registering precompiled user dll's ...
Registered in 0.004436 seconds.
Begin MonoManager ReloadAssembly
Native extension for WindowsStandalone target not found
Native extension for WebGL target not found
Refreshing native plugins compatible for Editor in 0.58 ms, found 2 plugins.
Preloading 0 native plugins for Editor in 0.00 ms.
Mono: successfully reloaded assembly
- Completed reload, in  0.882 seconds
Platform modules already initialized, skipping
Refreshing native plugins compatible for Editor in 0.56 ms, found 2 plugins.
Preloading 0 native plugins for Editor in 0.00 ms.
Unloading 3363 Unused Serialized files (Serialized files now loaded: 0)
System memory in use before: 132.8 MB.
System memory in use after: 132.9 MB.

Unloading 17 unused Assets to reduce memory usage. Loaded Objects now: 3962.
Total: 2.691200 ms (FindLiveObjects: 0.287800 ms CreateObjectMapping: 0.164400 ms MarkObjects: 2.147100 ms  DeleteObjects: 0.091100 ms)

========================================================================
Received Prepare
Registering precompiled user dll's ...
Registered in 0.004704 seconds.
Begin MonoManager ReloadAssembly
Native extension for WindowsStandalone target not found
Native extension for WebGL target not found
Refreshing native plugins compatible for Editor in 0.84 ms, found 2 plugins.
Preloading 0 native plugins for Editor in 0.00 ms.
Mono: successfully reloaded assembly
- Completed reload, in  0.924 seconds
Platform modules already initialized, skipping
Refreshing native plugins compatible for Editor in 0.73 ms, found 2 plugins.
Preloading 0 native plugins for Editor in 0.00 ms.
Unloading 3363 Unused Serialized files (Serialized files now loaded: 0)
System memory in use before: 132.8 MB.
System memory in use after: 132.9 MB.

Unloading 17 unused Assets to reduce memory usage. Loaded Objects now: 3966.
Total: 2.849500 ms (FindLiveObjects: 0.408000 ms CreateObjectMapping: 0.246000 ms MarkObjects: 2.102600 ms  DeleteObjects: 0.091400 ms)

========================================================================
Received Prepare
Registering precompiled user dll's ...
Registered in 0.004938 seconds.
Begin MonoManager ReloadAssembly
Native extension for WindowsStandalone target not found
Native extension for WebGL target not found
Refreshing native plugins compatible for Editor in 0.58 ms, found 2 plugins.
Preloading 0 native plugins for Editor in 0.00 ms.
Mono: successfully reloaded assembly
- Completed reload, in  0.881 seconds
Platform modules already initialized, skipping
Refreshing native plugins compatible for Editor in 0.57 ms, found 2 plugins.
Preloading 0 native plugins for Editor in 0.00 ms.
Unloading 3363 Unused Serialized files (Serialized files now loaded: 0)
System memory in use before: 132.8 MB.
System memory in use after: 132.9 MB.

Unloading 17 unused Assets to reduce memory usage. Loaded Objects now: 3970.
Total: 2.577600 ms (FindLiveObjects: 0.446900 ms CreateObjectMapping: 0.169600 ms MarkObjects: 1.874400 ms  DeleteObjects: 0.085600 ms)

========================================================================
Received Prepare
Registering precompiled user dll's ...
Registered in 0.004629 seconds.
Begin MonoManager ReloadAssembly
Native extension for WindowsStandalone target not found
Native extension for WebGL target not found
Refreshing native plugins compatible for Editor in 0.58 ms, found 2 plugins.
Preloading 0 native plugins for Editor in 0.00 ms.
Mono: successfully reloaded assembly
- Completed reload, in  0.844 seconds
Platform modules already initialized, skipping
Refreshing native plugins compatible for Editor in 0.57 ms, found 2 plugins.
Preloading 0 native plugins for Editor in 0.00 ms.
Unloading 3363 Unused Serialized files (Serialized files now loaded: 0)
System memory in use before: 132.8 MB.
System memory in use after: 132.9 MB.

Unloading 17 unused Assets to reduce memory usage. Loaded Objects now: 3974.
Total: 2.764300 ms (FindLiveObjects: 0.397900 ms CreateObjectMapping: 0.170900 ms MarkObjects: 2.105500 ms  DeleteObjects: 0.089100 ms)

========================================================================
Received Prepare
Registering precompiled user dll's ...
Registered in 0.005372 seconds.
Begin MonoManager ReloadAssembly
Native extension for WindowsStandalone target not found
Native extension for WebGL target not found
Refreshing native plugins compatible for Editor in 0.57 ms, found 2 plugins.
Preloading 0 native plugins for Editor in 0.00 ms.
Mono: successfully reloaded assembly
- Completed reload, in  0.873 seconds
Platform modules already initialized, skipping
Refreshing native plugins compatible for Editor in 0.56 ms, found 2 plugins.
Preloading 0 native plugins for Editor in 0.00 ms.
Unloading 3363 Unused Serialized files (Serialized files now loaded: 0)
System memory in use before: 132.9 MB.
System memory in use after: 133.0 MB.

Unloading 17 unused Assets to reduce memory usage. Loaded Objects now: 3978.
Total: 2.547800 ms (FindLiveObjects: 0.296600 ms CreateObjectMapping: 0.171900 ms MarkObjects: 1.993000 ms  DeleteObjects: 0.085300 ms)

========================================================================
Received Prepare
Registering precompiled user dll's ...
Registered in 0.004464 seconds.
Begin MonoManager ReloadAssembly
Native extension for WindowsStandalone target not found
Native extension for WebGL target not found
Refreshing native plugins compatible for Editor in 0.77 ms, found 2 plugins.
Preloading 0 native plugins for Editor in 0.00 ms.
Mono: successfully reloaded assembly
- Completed reload, in  0.927 seconds
Platform modules already initialized, skipping
Refreshing native plugins compatible for Editor in 0.60 ms, found 2 plugins.
Preloading 0 native plugins for Editor in 0.00 ms.
Unloading 3363 Unused Serialized files (Serialized files now loaded: 0)
System memory in use before: 132.9 MB.
System memory in use after: 133.0 MB.

Unloading 17 unused Assets to reduce memory usage. Loaded Objects now: 3982.
Total: 2.376600 ms (FindLiveObjects: 0.263800 ms CreateObjectMapping: 0.161700 ms MarkObjects: 1.862100 ms  DeleteObjects: 0.087900 ms)

========================================================================
Received Import Request.
  Time since last request: 28283.360261 seconds.
  path: Assets/Animations/Player Animation Controller.controller
  artifactKey: Guid(9619843e58112f743951dcaac49dd39c) Importer(815301076,1909f56bfc062723c751e8b465ee728b)
Start importing Assets/Animations/Player Animation Controller.controller using Guid(9619843e58112f743951dcaac49dd39c) Importer(815301076,1909f56bfc062723c751e8b465ee728b)  -> (artifact id: '9011ae5b6abcc7dd8c8e6f1b821405cf') in 0.015779 seconds 
========================================================================
Received Import Request.
  Time since last request: 152.757789 seconds.
  path: Assets/Scripts/PlayerMovement.cs
  artifactKey: Guid(8bbebb63b59bb1f449ddb005de943c29) Importer(815301076,1909f56bfc062723c751e8b465ee728b)
Start importing Assets/Scripts/PlayerMovement.cs using Guid(8bbebb63b59bb1f449ddb005de943c29) Importer(815301076,1909f56bfc062723c751e8b465ee728b)  -> (artifact id: '3071e20a87d3569d488f295c6e7b84c5') in 0.004388 seconds 
========================================================================
Received Prepare
Registering precompiled user dll's ...
Registered in 0.004623 seconds.
Begin MonoManager ReloadAssembly
Native extension for WindowsStandalone target not found
Native extension for WebGL target not found
Refreshing native plugins compatible for Editor in 0.57 ms, found 2 plugins.
Preloading 0 native plugins for Editor in 0.00 ms.
Mono: successfully reloaded assembly
- Completed reload, in  0.872 seconds
Platform modules already initialized, skipping
Refreshing native plugins compatible for Editor in 1.09 ms, found 2 plugins.
Preloading 0 native plugins for Editor in 0.00 ms.
Unloading 3363 Unused Serialized files (Serialized files now loaded: 0)
System memory in use before: 132.9 MB.
System memory in use after: 133.0 MB.

Unloading 17 unused Assets to reduce memory usage. Loaded Objects now: 3986.
Total: 2.632900 ms (FindLiveObjects: 0.285900 ms CreateObjectMapping: 0.174700 ms MarkObjects: 2.083300 ms  DeleteObjects: 0.088100 ms)

========================================================================
Received Prepare
Registering precompiled user dll's ...
Registered in 0.004576 seconds.
Begin MonoManager ReloadAssembly
Native extension for WindowsStandalone target not found
Native extension for WebGL target not found
Refreshing native plugins compatible for Editor in 0.61 ms, found 2 plugins.
Preloading 0 native plugins for Editor in 0.00 ms.
Mono: successfully reloaded assembly
- Completed reload, in  0.857 seconds
Platform modules already initialized, skipping
Refreshing native plugins compatible for Editor in 0.56 ms, found 2 plugins.
Preloading 0 native plugins for Editor in 0.00 ms.
Unloading 3363 Unused Serialized files (Serialized files now loaded: 0)
System memory in use before: 132.9 MB.
System memory in use after: 133.0 MB.

Unloading 17 unused Assets to reduce memory usage. Loaded Objects now: 3990.
Total: 2.644200 ms (FindLiveObjects: 0.323500 ms CreateObjectMapping: 0.201700 ms MarkObjects: 2.027700 ms  DeleteObjects: 0.090500 ms)

========================================================================
Received Prepare
Registering precompiled user dll's ...
Registered in 0.004428 seconds.
Begin MonoManager ReloadAssembly
Native extension for WindowsStandalone target not found
Native extension for WebGL target not found
Refreshing native plugins compatible for Editor in 0.59 ms, found 2 plugins.
Preloading 0 native plugins for Editor in 0.00 ms.
Mono: successfully reloaded assembly
- Completed reload, in  0.864 seconds
Platform modules already initialized, skipping
Refreshing native plugins compatible for Editor in 0.58 ms, found 2 plugins.
Preloading 0 native plugins for Editor in 0.00 ms.
Unloading 3363 Unused Serialized files (Serialized files now loaded: 0)
System memory in use before: 132.9 MB.
System memory in use after: 133.0 MB.

Unloading 17 unused Assets to reduce memory usage. Loaded Objects now: 3994.
Total: 2.790900 ms (FindLiveObjects: 0.457600 ms CreateObjectMapping: 0.198800 ms MarkObjects: 2.018000 ms  DeleteObjects: 0.115500 ms)

========================================================================
Received Prepare
Registering precompiled user dll's ...
Registered in 0.004905 seconds.
Begin MonoManager ReloadAssembly
Native extension for WindowsStandalone target not found
Native extension for WebGL target not found
Refreshing native plugins compatible for Editor in 0.57 ms, found 2 plugins.
Preloading 0 native plugins for Editor in 0.00 ms.
Mono: successfully reloaded assembly
- Completed reload, in  0.849 seconds
Platform modules already initialized, skipping
Refreshing native plugins compatible for Editor in 0.57 ms, found 2 plugins.
Preloading 0 native plugins for Editor in 0.00 ms.
Unloading 3363 Unused Serialized files (Serialized files now loaded: 0)
System memory in use before: 132.9 MB.
System memory in use after: 133.0 MB.

Unloading 17 unused Assets to reduce memory usage. Loaded Objects now: 3998.
Total: 2.604700 ms (FindLiveObjects: 0.335100 ms CreateObjectMapping: 0.193900 ms MarkObjects: 1.976500 ms  DeleteObjects: 0.097600 ms)

========================================================================
Received Import Request.
  Time since last request: 327.791531 seconds.
  path: Assets/Scripts/PlayerMovement.cs
  artifactKey: Guid(8bbebb63b59bb1f449ddb005de943c29) Importer(815301076,1909f56bfc062723c751e8b465ee728b)
Start importing Assets/Scripts/PlayerMovement.cs using Guid(8bbebb63b59bb1f449ddb005de943c29) Importer(815301076,1909f56bfc062723c751e8b465ee728b)  -> (artifact id: '24556c7bb57dcee5f085f09b8542f726') in 0.009200 seconds 
========================================================================
Received Prepare
Registering precompiled user dll's ...
Registered in 0.004814 seconds.
Begin MonoManager ReloadAssembly
Native extension for WindowsStandalone target not found
Native extension for WebGL target not found
Refreshing native plugins compatible for Editor in 0.58 ms, found 2 plugins.
Preloading 0 native plugins for Editor in 0.00 ms.
Mono: successfully reloaded assembly
- Completed reload, in  0.875 seconds
Platform modules already initialized, skipping
Refreshing native plugins compatible for Editor in 0.64 ms, found 2 plugins.
Preloading 0 native plugins for Editor in 0.00 ms.
Unloading 3363 Unused Serialized files (Serialized files now loaded: 0)
System memory in use before: 132.9 MB.
System memory in use after: 133.0 MB.

Unloading 17 unused Assets to reduce memory usage. Loaded Objects now: 4002.
Total: 2.324000 ms (FindLiveObjects: 0.326300 ms CreateObjectMapping: 0.155600 ms MarkObjects: 1.730000 ms  DeleteObjects: 0.111200 ms)

========================================================================
Received Import Request.
  Time since last request: 77.392092 seconds.
  path: Assets/Scripts/PlayerMovement.cs
  artifactKey: Guid(8bbebb63b59bb1f449ddb005de943c29) Importer(815301076,1909f56bfc062723c751e8b465ee728b)
Start importing Assets/Scripts/PlayerMovement.cs using Guid(8bbebb63b59bb1f449ddb005de943c29) Importer(815301076,1909f56bfc062723c751e8b465ee728b)  -> (artifact id: '7dba6c1e0d148f70d9310425cc91ebe0') in 0.007174 seconds 
========================================================================
Received Prepare
Registering precompiled user dll's ...
Registered in 0.004580 seconds.
Begin MonoManager ReloadAssembly
Native extension for WindowsStandalone target not found
Native extension for WebGL target not found
Refreshing native plugins compatible for Editor in 0.94 ms, found 2 plugins.
Preloading 0 native plugins for Editor in 0.00 ms.
Mono: successfully reloaded assembly
- Completed reload, in  0.910 seconds
Platform modules already initialized, skipping
Refreshing native plugins compatible for Editor in 1.18 ms, found 2 plugins.
Preloading 0 native plugins for Editor in 0.00 ms.
Unloading 3363 Unused Serialized files (Serialized files now loaded: 0)
System memory in use before: 132.9 MB.
System memory in use after: 133.0 MB.

Unloading 17 unused Assets to reduce memory usage. Loaded Objects now: 4006.
Total: 3.759700 ms (FindLiveObjects: 0.356700 ms CreateObjectMapping: 0.221200 ms MarkObjects: 3.035400 ms  DeleteObjects: 0.145000 ms)

========================================================================
Received Import Request.
  Time since last request: 103.566480 seconds.
  path: ProjectSettings/TagManager.asset
  artifactKey: Guid(00000000000000003000000000000000) Importer(815301076,1909f56bfc062723c751e8b465ee728b)
Start importing ProjectSettings/TagManager.asset using Guid(00000000000000003000000000000000) Importer(815301076,1909f56bfc062723c751e8b465ee728b)  -> (artifact id: '61fe27d49358f848c854dc533d7c3f8b') in 0.016813 seconds 
========================================================================
Received Import Request.
  Time since last request: 112.464037 seconds.
  path: Assets/Animations/Player Animation Controller.controller
  artifactKey: Guid(9619843e58112f743951dcaac49dd39c) Importer(815301076,1909f56bfc062723c751e8b465ee728b)
Start importing Assets/Animations/Player Animation Controller.controller using Guid(9619843e58112f743951dcaac49dd39c) Importer(815301076,1909f56bfc062723c751e8b465ee728b)  -> (artifact id: '1b66018d380e1b04a3db942fc23c580f') in 0.008077 seconds 
========================================================================
Received Prepare
Registering precompiled user dll's ...
Registered in 0.004432 seconds.
Begin MonoManager ReloadAssembly
Native extension for WindowsStandalone target not found
Native extension for WebGL target not found
Refreshing native plugins compatible for Editor in 0.60 ms, found 2 plugins.
Preloading 0 native plugins for Editor in 0.00 ms.
Mono: successfully reloaded assembly
- Completed reload, in  0.846 seconds
Platform modules already initialized, skipping
Refreshing native plugins compatible for Editor in 0.58 ms, found 2 plugins.
Preloading 0 native plugins for Editor in 0.00 ms.
Unloading 3363 Unused Serialized files (Serialized files now loaded: 0)
System memory in use before: 132.9 MB.
System memory in use after: 133.0 MB.

Unloading 18 unused Assets to reduce memory usage. Loaded Objects now: 4010.
Total: 2.791800 ms (FindLiveObjects: 0.365500 ms CreateObjectMapping: 0.157400 ms MarkObjects: 2.172200 ms  DeleteObjects: 0.095500 ms)

========================================================================
Received Import Request.
  Time since last request: 6.808747 seconds.
  path: Assets/Animations/Player Animation Controller.controller
  artifactKey: Guid(9619843e58112f743951dcaac49dd39c) Importer(815301076,1909f56bfc062723c751e8b465ee728b)
Start importing Assets/Animations/Player Animation Controller.controller using Guid(9619843e58112f743951dcaac49dd39c) Importer(815301076,1909f56bfc062723c751e8b465ee728b)  -> (artifact id: '1e315064f1a1d805df89548a3075e963') in 0.015320 seconds 
========================================================================
Received Prepare
Registering precompiled user dll's ...
Registered in 0.005176 seconds.
Begin MonoManager ReloadAssembly
Native extension for WindowsStandalone target not found
Native extension for WebGL target not found
Refreshing native plugins compatible for Editor in 0.57 ms, found 2 plugins.
Preloading 0 native plugins for Editor in 0.00 ms.
Mono: successfully reloaded assembly
- Completed reload, in  0.899 seconds
Platform modules already initialized, skipping
Refreshing native plugins compatible for Editor in 0.56 ms, found 2 plugins.
Preloading 0 native plugins for Editor in 0.00 ms.
Unloading 3363 Unused Serialized files (Serialized files now loaded: 0)
System memory in use before: 132.9 MB.
System memory in use after: 133.0 MB.

Unloading 17 unused Assets to reduce memory usage. Loaded Objects now: 4014.
Total: 2.614300 ms (FindLiveObjects: 0.295700 ms CreateObjectMapping: 0.157400 ms MarkObjects: 2.065100 ms  DeleteObjects: 0.095000 ms)

========================================================================
Received Prepare
Registering precompiled user dll's ...
Registered in 0.005225 seconds.
Begin MonoManager ReloadAssembly
Native extension for WindowsStandalone target not found
Native extension for WebGL target not found
Refreshing native plugins compatible for Editor in 0.60 ms, found 2 plugins.
Preloading 0 native plugins for Editor in 0.00 ms.
Mono: successfully reloaded assembly
- Completed reload, in  0.864 seconds
Platform modules already initialized, skipping
Refreshing native plugins compatible for Editor in 0.59 ms, found 2 plugins.
Preloading 0 native plugins for Editor in 0.00 ms.
Unloading 3363 Unused Serialized files (Serialized files now loaded: 0)
System memory in use before: 133.0 MB.
System memory in use after: 133.1 MB.

Unloading 17 unused Assets to reduce memory usage. Loaded Objects now: 4018.
Total: 2.737400 ms (FindLiveObjects: 0.471300 ms CreateObjectMapping: 0.223200 ms MarkObjects: 1.946200 ms  DeleteObjects: 0.095800 ms)

========================================================================
Received Import Request.
  Time since last request: 358.864075 seconds.
  path: Assets/Prefabs/Player.prefab
  artifactKey: Guid(80b8e33d9d426d949904293f06e261df) Importer(815301076,1909f56bfc062723c751e8b465ee728b)
Start importing Assets/Prefabs/Player.prefab using Guid(80b8e33d9d426d949904293f06e261df) Importer(815301076,1909f56bfc062723c751e8b465ee728b)  -> (artifact id: '8951a4ff1fce523385a5759d2749985a') in 0.047985 seconds 
========================================================================
Received Import Request.
  Time since last request: 4.774445 seconds.
  path: Assets/Prefabs/Block.prefab
  artifactKey: Guid(c47b1a9acfd526a42aeaf0d0e54c0beb) Importer(815301076,1909f56bfc062723c751e8b465ee728b)
Start importing Assets/Prefabs/Block.prefab using Guid(c47b1a9acfd526a42aeaf0d0e54c0beb) Importer(815301076,1909f56bfc062723c751e8b465ee728b)  -> (artifact id: 'a479758d2d7501e3bcc97ecff545c7a8') in 0.013367 seconds 
========================================================================
Received Prepare
Registering precompiled user dll's ...
Registered in 0.004596 seconds.
Begin MonoManager ReloadAssembly
Native extension for WindowsStandalone target not found
Native extension for WebGL target not found
Refreshing native plugins compatible for Editor in 0.59 ms, found 2 plugins.
Preloading 0 native plugins for Editor in 0.00 ms.
Mono: successfully reloaded assembly
- Completed reload, in  0.847 seconds
Platform modules already initialized, skipping
Refreshing native plugins compatible for Editor in 0.59 ms, found 2 plugins.
Preloading 0 native plugins for Editor in 0.00 ms.
Unloading 3363 Unused Serialized files (Serialized files now loaded: 0)
System memory in use before: 133.0 MB.
System memory in use after: 133.1 MB.

Unloading 17 unused Assets to reduce memory usage. Loaded Objects now: 4023.
Total: 2.662200 ms (FindLiveObjects: 0.268300 ms CreateObjectMapping: 0.177200 ms MarkObjects: 2.124100 ms  DeleteObjects: 0.091900 ms)

========================================================================
Received Prepare
Registering precompiled user dll's ...
Registered in 0.004559 seconds.
Begin MonoManager ReloadAssembly
Native extension for WindowsStandalone target not found
Native extension for WebGL target not found
Refreshing native plugins compatible for Editor in 0.60 ms, found 2 plugins.
Preloading 0 native plugins for Editor in 0.00 ms.
Mono: successfully reloaded assembly
- Completed reload, in  0.861 seconds
Platform modules already initialized, skipping
Refreshing native plugins compatible for Editor in 0.61 ms, found 2 plugins.
Preloading 0 native plugins for Editor in 0.00 ms.
Unloading 3363 Unused Serialized files (Serialized files now loaded: 0)
System memory in use before: 133.0 MB.
System memory in use after: 133.1 MB.

Unloading 17 unused Assets to reduce memory usage. Loaded Objects now: 4027.
Total: 2.401600 ms (FindLiveObjects: 0.284200 ms CreateObjectMapping: 0.168600 ms MarkObjects: 1.858700 ms  DeleteObjects: 0.089100 ms)

========================================================================
Received Import Request.
  Time since last request: 1120.958724 seconds.
  path: Assets/Sprites/420-4201833_coins-clipart-sprite-coin-sprite-sheet-png-transparent.png
  artifactKey: Guid(2b6715d0f2530eb45bde55df2d0cb978) Importer(815301076,1909f56bfc062723c751e8b465ee728b)
Start importing Assets/Sprites/420-4201833_coins-clipart-sprite-coin-sprite-sheet-png-transparent.png using Guid(2b6715d0f2530eb45bde55df2d0cb978) Importer(815301076,1909f56bfc062723c751e8b465ee728b)  -> (artifact id: 'b69740d15fad0f01b18fd135c7720ddd') in 0.055956 seconds 
========================================================================
Received Import Request.
  Time since last request: 22.520681 seconds.
  path: Assets/Sprites/420-4201833_coins-clipart-sprite-coin-sprite-sheet-png-transparent.png
  artifactKey: Guid(2b6715d0f2530eb45bde55df2d0cb978) Importer(815301076,1909f56bfc062723c751e8b465ee728b)
Start importing Assets/Sprites/420-4201833_coins-clipart-sprite-coin-sprite-sheet-png-transparent.png using Guid(2b6715d0f2530eb45bde55df2d0cb978) Importer(815301076,1909f56bfc062723c751e8b465ee728b)  -> (artifact id: '4935ff6a83a3f9727be936a6215307bc') in 0.013005 seconds 
========================================================================
Received Import Request.
  Time since last request: 351.077391 seconds.
  path: Assets/Sprites/420-4201833_coins-clipart-sprite-coin-sprite-sheet-png-transparent.png
  artifactKey: Guid(2b6715d0f2530eb45bde55df2d0cb978) Importer(815301076,1909f56bfc062723c751e8b465ee728b)
Start importing Assets/Sprites/420-4201833_coins-clipart-sprite-coin-sprite-sheet-png-transparent.png using Guid(2b6715d0f2530eb45bde55df2d0cb978) Importer(815301076,1909f56bfc062723c751e8b465ee728b)  -> (artifact id: '95ea9743655b6336307125c246949ccd') in 0.029249 seconds 
========================================================================
Received Import Request.
  Time since last request: 18.072632 seconds.
  path: Assets/Sprites/420-4201833_coins-clipart-sprite-coin-sprite-sheet-png-transparent.png
  artifactKey: Guid(2b6715d0f2530eb45bde55df2d0cb978) Importer(815301076,1909f56bfc062723c751e8b465ee728b)
Start importing Assets/Sprites/420-4201833_coins-clipart-sprite-coin-sprite-sheet-png-transparent.png using Guid(2b6715d0f2530eb45bde55df2d0cb978) Importer(815301076,1909f56bfc062723c751e8b465ee728b)  -> (artifact id: '680d2d76c2d3d5b34c9d9e095642cfe1') in 0.026622 seconds 
========================================================================
Received Import Request.
  Time since last request: 427.390687 seconds.
  path: Assets/Sprites/420-4201833_coins-clipart-sprite-coin-sprite-sheet-png-transparent.png
  artifactKey: Guid(2b6715d0f2530eb45bde55df2d0cb978) Importer(815301076,1909f56bfc062723c751e8b465ee728b)
Start importing Assets/Sprites/420-4201833_coins-clipart-sprite-coin-sprite-sheet-png-transparent.png using Guid(2b6715d0f2530eb45bde55df2d0cb978) Importer(815301076,1909f56bfc062723c751e8b465ee728b)  -> (artifact id: '893cdf3a5c725c3e3b085f6409bf09ab') in 0.027712 seconds 
========================================================================
Received Import Request.
  Time since last request: 463.953697 seconds.
  path: Assets/Sprites/Daco_4201833.png
  artifactKey: Guid(3907b9105726d6c42b803fccd239044a) Importer(815301076,1909f56bfc062723c751e8b465ee728b)
Start importing Assets/Sprites/Daco_4201833.png using Guid(3907b9105726d6c42b803fccd239044a) Importer(815301076,1909f56bfc062723c751e8b465ee728b)  -> (artifact id: '5aa0ef6bd37abb402af078235dd1f9a9') in 0.023365 seconds 
========================================================================
Received Import Request.
  Time since last request: 7.039734 seconds.
  path: Assets/Sprites/Daco_4201833.png
  artifactKey: Guid(3907b9105726d6c42b803fccd239044a) Importer(815301076,1909f56bfc062723c751e8b465ee728b)
Start importing Assets/Sprites/Daco_4201833.png using Guid(3907b9105726d6c42b803fccd239044a) Importer(815301076,1909f56bfc062723c751e8b465ee728b)  -> (artifact id: '84b91200d75577496d2a19de0c6aadf2') in 0.012849 seconds 
========================================================================
Received Import Request.
  Time since last request: 23.957309 seconds.
  path: Assets/Sprites/Daco_4201833.png
  artifactKey: Guid(3907b9105726d6c42b803fccd239044a) Importer(815301076,1909f56bfc062723c751e8b465ee728b)
Start importing Assets/Sprites/Daco_4201833.png using Guid(3907b9105726d6c42b803fccd239044a) Importer(815301076,1909f56bfc062723c751e8b465ee728b)  -> (artifact id: 'b945845e02e83c7d72eb50fe2f012e44') in 0.028366 seconds 
========================================================================
Received Import Request.
  Time since last request: 69.631125 seconds.
  path: Assets/Sprites/coin.png
  artifactKey: Guid(3907b9105726d6c42b803fccd239044a) Importer(815301076,1909f56bfc062723c751e8b465ee728b)
Start importing Assets/Sprites/coin.png using Guid(3907b9105726d6c42b803fccd239044a) Importer(815301076,1909f56bfc062723c751e8b465ee728b)  -> (artifact id: '11a7c932a030aabccd5374c8f64e9698') in 0.024795 seconds 
========================================================================
Received Import Request.
  Time since last request: 104.901667 seconds.
  path: Assets/Sprites/coin.png
  artifactKey: Guid(3907b9105726d6c42b803fccd239044a) Importer(815301076,1909f56bfc062723c751e8b465ee728b)
Start importing Assets/Sprites/coin.png using Guid(3907b9105726d6c42b803fccd239044a) Importer(815301076,1909f56bfc062723c751e8b465ee728b)  -> (artifact id: '1a1fb2c3d2b213c597128705b1d3a477') in 0.023302 seconds 
========================================================================
Received Import Request.
  Time since last request: 18.590081 seconds.
  path: Assets/Animations/420-4201833_coins-clipart-sprite-coin-sprite-sheet-png-transparent_0.controller
  artifactKey: Guid(fa3212f5e4e96024a8ee1878058c932e) Importer(815301076,1909f56bfc062723c751e8b465ee728b)
Start importing Assets/Animations/420-4201833_coins-clipart-sprite-coin-sprite-sheet-png-transparent_0.controller using Guid(fa3212f5e4e96024a8ee1878058c932e) Importer(815301076,1909f56bfc062723c751e8b465ee728b)  -> (artifact id: '7b38c2541dcac83db4575363dc8ccda2') in 0.008663 seconds 
========================================================================
Received Import Request.
  Time since last request: 20.027558 seconds.
  path: Assets/Animations/coin.controller
  artifactKey: Guid(fa3212f5e4e96024a8ee1878058c932e) Importer(815301076,1909f56bfc062723c751e8b465ee728b)
Start importing Assets/Animations/coin.controller using Guid(fa3212f5e4e96024a8ee1878058c932e) Importer(815301076,1909f56bfc062723c751e8b465ee728b)  -> (artifact id: '64ed86ac264d709135e8836117431b5e') in 0.006177 seconds 
========================================================================
Received Import Request.
  Time since last request: 2.831899 seconds.
  path: Assets/Animations/Player Animation Controller.controller
  artifactKey: Guid(9619843e58112f743951dcaac49dd39c) Importer(815301076,1909f56bfc062723c751e8b465ee728b)
Start importing Assets/Animations/Player Animation Controller.controller using Guid(9619843e58112f743951dcaac49dd39c) Importer(815301076,1909f56bfc062723c751e8b465ee728b)  -> (artifact id: '4e1a1fdaf0ce70ac5d759d8c2a301450') in 0.012160 seconds 
========================================================================
Received Import Request.
  Time since last request: 15.725617 seconds.
  path: Assets/Animations/Coin Controller.controller
  artifactKey: Guid(fa3212f5e4e96024a8ee1878058c932e) Importer(815301076,1909f56bfc062723c751e8b465ee728b)
Start importing Assets/Animations/Coin Controller.controller using Guid(fa3212f5e4e96024a8ee1878058c932e) Importer(815301076,1909f56bfc062723c751e8b465ee728b)  -> (artifact id: '9b701984289dcea01a8ad8fbcb151688') in 0.006943 seconds 
========================================================================
Received Import Request.
  Time since last request: 8.980545 seconds.
  path: Assets/Animations/Daco_4201833_0.controller
  artifactKey: Guid(287dabb0256c21c4f96ccb9e2ae1bac4) Importer(815301076,1909f56bfc062723c751e8b465ee728b)
Start importing Assets/Animations/Daco_4201833_0.controller using Guid(287dabb0256c21c4f96ccb9e2ae1bac4) Importer(815301076,1909f56bfc062723c751e8b465ee728b)  -> (artifact id: '90970577913cd272afdce13ec11b7094') in 0.005865 seconds 
========================================================================
Received Prepare
Registering precompiled user dll's ...
Registered in 0.004456 seconds.
Begin MonoManager ReloadAssembly
Native extension for WindowsStandalone target not found
Native extension for WebGL target not found
Refreshing native plugins compatible for Editor in 0.63 ms, found 2 plugins.
Preloading 0 native plugins for Editor in 0.00 ms.
Mono: successfully reloaded assembly
- Completed reload, in  0.878 seconds
Platform modules already initialized, skipping
Refreshing native plugins compatible for Editor in 0.83 ms, found 2 plugins.
Preloading 0 native plugins for Editor in 0.00 ms.
Unloading 3364 Unused Serialized files (Serialized files now loaded: 0)
System memory in use before: 137.8 MB.
System memory in use after: 137.9 MB.

Unloading 17 unused Assets to reduce memory usage. Loaded Objects now: 4192.
Total: 2.873400 ms (FindLiveObjects: 0.369400 ms CreateObjectMapping: 0.226100 ms MarkObjects: 2.180200 ms  DeleteObjects: 0.096000 ms)

========================================================================
Received Prepare
Registering precompiled user dll's ...
Registered in 0.004870 seconds.
Begin MonoManager ReloadAssembly
Native extension for WindowsStandalone target not found
Native extension for WebGL target not found
Refreshing native plugins compatible for Editor in 1.14 ms, found 2 plugins.
Preloading 0 native plugins for Editor in 0.00 ms.
Mono: successfully reloaded assembly
- Completed reload, in  1.026 seconds
Platform modules already initialized, skipping
Refreshing native plugins compatible for Editor in 0.59 ms, found 2 plugins.
Preloading 0 native plugins for Editor in 0.00 ms.
Unloading 3363 Unused Serialized files (Serialized files now loaded: 0)
System memory in use before: 137.7 MB.
System memory in use after: 137.9 MB.

Unloading 17 unused Assets to reduce memory usage. Loaded Objects now: 4196.
Total: 5.296500 ms (FindLiveObjects: 0.299500 ms CreateObjectMapping: 0.184900 ms MarkObjects: 4.682100 ms  DeleteObjects: 0.128200 ms)

========================================================================
Received Import Request.
  Time since last request: 118.025739 seconds.
  path: Assets/Animations/coin.anim
  artifactKey: Guid(0f37608761e5dd64889ccaf6419f929b) Importer(815301076,1909f56bfc062723c751e8b465ee728b)
Start importing Assets/Animations/coin.anim using Guid(0f37608761e5dd64889ccaf6419f929b) Importer(815301076,1909f56bfc062723c751e8b465ee728b)  -> (artifact id: 'fc1afc621da3fad2daa1a6beafa84cdd') in 0.015757 seconds 
========================================================================
Received Import Request.
  Time since last request: 3.815440 seconds.
  path: Assets/Animations/Coin Controller.controller
  artifactKey: Guid(fa3212f5e4e96024a8ee1878058c932e) Importer(815301076,1909f56bfc062723c751e8b465ee728b)
Start importing Assets/Animations/Coin Controller.controller using Guid(fa3212f5e4e96024a8ee1878058c932e) Importer(815301076,1909f56bfc062723c751e8b465ee728b)  -> (artifact id: 'fcda6650ad72b45f887b8963f59d63d8') in 0.006455 seconds 
========================================================================
Received Prepare
Registering precompiled user dll's ...
Registered in 0.005801 seconds.
Begin MonoManager ReloadAssembly
Native extension for WindowsStandalone target not found
Native extension for WebGL target not found
Refreshing native plugins compatible for Editor in 0.57 ms, found 2 plugins.
Preloading 0 native plugins for Editor in 0.00 ms.
Mono: successfully reloaded assembly
- Completed reload, in  0.851 seconds
Platform modules already initialized, skipping
Refreshing native plugins compatible for Editor in 0.57 ms, found 2 plugins.
Preloading 0 native plugins for Editor in 0.00 ms.
Unloading 3363 Unused Serialized files (Serialized files now loaded: 0)
System memory in use before: 137.8 MB.
System memory in use after: 137.9 MB.

Unloading 17 unused Assets to reduce memory usage. Loaded Objects now: 4200.
Total: 2.751100 ms (FindLiveObjects: 0.341200 ms CreateObjectMapping: 0.175500 ms MarkObjects: 2.140100 ms  DeleteObjects: 0.093400 ms)

========================================================================
Received Prepare
Registering precompiled user dll's ...
Registered in 0.005876 seconds.
Begin MonoManager ReloadAssembly
Native extension for WindowsStandalone target not found
Native extension for WebGL target not found
Refreshing native plugins compatible for Editor in 0.66 ms, found 2 plugins.
Preloading 0 native plugins for Editor in 0.00 ms.
Mono: successfully reloaded assembly
- Completed reload, in  0.882 seconds
Platform modules already initialized, skipping
Refreshing native plugins compatible for Editor in 0.61 ms, found 2 plugins.
Preloading 0 native plugins for Editor in 0.00 ms.
Unloading 3363 Unused Serialized files (Serialized files now loaded: 0)
System memory in use before: 137.8 MB.
System memory in use after: 137.9 MB.

Unloading 17 unused Assets to reduce memory usage. Loaded Objects now: 4204.
Total: 2.731400 ms (FindLiveObjects: 0.295400 ms CreateObjectMapping: 0.150100 ms MarkObjects: 2.168800 ms  DeleteObjects: 0.116000 ms)

========================================================================
Received Prepare
Registering precompiled user dll's ...
Registered in 0.004468 seconds.
Begin MonoManager ReloadAssembly
Native extension for WindowsStandalone target not found
Native extension for WebGL target not found
Refreshing native plugins compatible for Editor in 0.57 ms, found 2 plugins.
Preloading 0 native plugins for Editor in 0.00 ms.
Mono: successfully reloaded assembly
- Completed reload, in  0.832 seconds
Platform modules already initialized, skipping
Refreshing native plugins compatible for Editor in 0.93 ms, found 2 plugins.
Preloading 0 native plugins for Editor in 0.00 ms.
Unloading 3363 Unused Serialized files (Serialized files now loaded: 0)
System memory in use before: 137.8 MB.
System memory in use after: 137.9 MB.

Unloading 17 unused Assets to reduce memory usage. Loaded Objects now: 4208.
Total: 2.686100 ms (FindLiveObjects: 0.308000 ms CreateObjectMapping: 0.177600 ms MarkObjects: 2.108200 ms  DeleteObjects: 0.091300 ms)

========================================================================
Received Prepare
Registering precompiled user dll's ...
Registered in 0.005676 seconds.
Begin MonoManager ReloadAssembly
Native extension for WindowsStandalone target not found
Native extension for WebGL target not found
Refreshing native plugins compatible for Editor in 0.57 ms, found 2 plugins.
Preloading 0 native plugins for Editor in 0.00 ms.
Mono: successfully reloaded assembly
- Completed reload, in  0.879 seconds
Platform modules already initialized, skipping
Refreshing native plugins compatible for Editor in 0.58 ms, found 2 plugins.
Preloading 0 native plugins for Editor in 0.00 ms.
Unloading 3363 Unused Serialized files (Serialized files now loaded: 0)
System memory in use before: 137.8 MB.
System memory in use after: 137.9 MB.

Unloading 17 unused Assets to reduce memory usage. Loaded Objects now: 4212.
Total: 3.379300 ms (FindLiveObjects: 0.443000 ms CreateObjectMapping: 0.209700 ms MarkObjects: 2.619200 ms  DeleteObjects: 0.105900 ms)

========================================================================
Received Prepare
Registering precompiled user dll's ...
Registered in 0.005378 seconds.
Begin MonoManager ReloadAssembly
Native extension for WindowsStandalone target not found
Native extension for WebGL target not found
Refreshing native plugins compatible for Editor in 0.67 ms, found 2 plugins.
Preloading 0 native plugins for Editor in 0.00 ms.
Mono: successfully reloaded assembly
- Completed reload, in  0.865 seconds
Platform modules already initialized, skipping
Refreshing native plugins compatible for Editor in 0.60 ms, found 2 plugins.
Preloading 0 native plugins for Editor in 0.00 ms.
Unloading 3363 Unused Serialized files (Serialized files now loaded: 0)
System memory in use before: 137.8 MB.
System memory in use after: 138.0 MB.

Unloading 17 unused Assets to reduce memory usage. Loaded Objects now: 4216.
Total: 3.524000 ms (FindLiveObjects: 0.472400 ms CreateObjectMapping: 0.220400 ms MarkObjects: 2.713100 ms  DeleteObjects: 0.116600 ms)

========================================================================
Received Import Request.
  Time since last request: 540.231554 seconds.
  path: Assets/Scripts/PlayerMovement.cs
  artifactKey: Guid(8bbebb63b59bb1f449ddb005de943c29) Importer(815301076,1909f56bfc062723c751e8b465ee728b)
Start importing Assets/Scripts/PlayerMovement.cs using Guid(8bbebb63b59bb1f449ddb005de943c29) Importer(815301076,1909f56bfc062723c751e8b465ee728b)  -> (artifact id: '2e8696fe9fc571559314d7221243715d') in 0.007779 seconds 
========================================================================
Received Prepare
Registering precompiled user dll's ...
Registered in 0.006854 seconds.
Begin MonoManager ReloadAssembly
Native extension for WindowsStandalone target not found
Native extension for WebGL target not found
Refreshing native plugins compatible for Editor in 0.75 ms, found 2 plugins.
Preloading 0 native plugins for Editor in 0.00 ms.
Mono: successfully reloaded assembly
- Completed reload, in  0.966 seconds
Platform modules already initialized, skipping
Refreshing native plugins compatible for Editor in 0.57 ms, found 2 plugins.
Preloading 0 native plugins for Editor in 0.00 ms.
Unloading 3363 Unused Serialized files (Serialized files now loaded: 0)
System memory in use before: 137.9 MB.
System memory in use after: 138.0 MB.

Unloading 17 unused Assets to reduce memory usage. Loaded Objects now: 4220.
Total: 2.407200 ms (FindLiveObjects: 0.286500 ms CreateObjectMapping: 0.177000 ms MarkObjects: 1.849800 ms  DeleteObjects: 0.092600 ms)

========================================================================
Received Prepare
Registering precompiled user dll's ...
Registered in 0.004498 seconds.
Begin MonoManager ReloadAssembly
Native extension for WindowsStandalone target not found
Native extension for WebGL target not found
Refreshing native plugins compatible for Editor in 0.58 ms, found 2 plugins.
Preloading 0 native plugins for Editor in 0.00 ms.
Mono: successfully reloaded assembly
- Completed reload, in  0.867 seconds
Platform modules already initialized, skipping
Refreshing native plugins compatible for Editor in 1.04 ms, found 2 plugins.
Preloading 0 native plugins for Editor in 0.00 ms.
Unloading 3363 Unused Serialized files (Serialized files now loaded: 0)
System memory in use before: 137.9 MB.
System memory in use after: 138.0 MB.

Unloading 17 unused Assets to reduce memory usage. Loaded Objects now: 4224.
Total: 3.362900 ms (FindLiveObjects: 0.568600 ms CreateObjectMapping: 0.303800 ms MarkObjects: 2.376000 ms  DeleteObjects: 0.112700 ms)

AssetImportWorkerClient::OnTransportError - code=2 error=End of file
